<?xml version="1.0" encoding="UTF-8"?>
<!-- Generated by org.testng.reporters.JUnitXMLReporter -->
<testsuite ignored="0" hostname="DESKTOP-A97C1A1" failures="0" tests="5" name="Test" time="14.511" errors="0" timestamp="2023-06-26T12:04:23 IST">
  <testcase classname="Test_Classes.Post_TC1" name="Extractor" time="8.684"/>
  <testcase classname="Test_Classes.Put_TC1" name="Extractor" time="1.058"/>
  <testcase classname="Test_Classes.Post_Retry" name="Extractor" time="1.106"/>
  <testcase classname="Test_Classes.Patch_TC1" name="Extractor" time="0.988"/>
  <testcase classname="Test_Classes.Post_RetryMethod_Wrong" name="Extractor" time="2.438"/>
</testsuite> <!-- Test -->
