<?xml version="1.0" encoding="UTF-8"?>
<testng-results ignored="0" total="5" passed="5" failed="0" skipped="0">
  <reporter-output>
  </reporter-output>
  <suite started-at="2023-06-26T12:04:08 IST" name="Suite" finished-at="2023-06-26T12:04:23 IST" duration-ms="14511">
    <groups>
    </groups>
    <test started-at="2023-06-26T12:04:08 IST" name="Test" finished-at="2023-06-26T12:04:23 IST" duration-ms="14511">
      <class name="Test_Classes.Patch_TC1">
        <test-method signature="Extractor()[pri:0, instance:Test_Classes.Patch_TC1@2cb4893b]" started-at="2023-06-26T12:04:19 IST" name="Extractor" finished-at="2023-06-26T12:04:20 IST" duration-ms="988" status="PASS">
          <reporter-output>
          </reporter-output>
        </test-method> <!-- Extractor -->
      </class> <!-- Test_Classes.Patch_TC1 -->
      <class name="Test_Classes.Post_TC1">
        <test-method signature="Extractor()[pri:0, instance:Test_Classes.Post_TC1@3f191845]" started-at="2023-06-26T12:04:08 IST" name="Extractor" finished-at="2023-06-26T12:04:17 IST" duration-ms="8684" status="PASS">
          <reporter-output>
          </reporter-output>
        </test-method> <!-- Extractor -->
      </class> <!-- Test_Classes.Post_TC1 -->
      <class name="Test_Classes.Post_Retry">
        <test-method signature="Extractor()[pri:0, instance:Test_Classes.Post_Retry@5e2c3d18]" started-at="2023-06-26T12:04:18 IST" name="Extractor" finished-at="2023-06-26T12:04:19 IST" duration-ms="1106" status="PASS">
          <reporter-output>
          </reporter-output>
        </test-method> <!-- Extractor -->
      </class> <!-- Test_Classes.Post_Retry -->
      <class name="Test_Classes.Put_TC1">
        <test-method signature="Extractor()[pri:0, instance:Test_Classes.Put_TC1@7a35b0f5]" started-at="2023-06-26T12:04:17 IST" name="Extractor" finished-at="2023-06-26T12:04:18 IST" duration-ms="1058" status="PASS">
          <reporter-output>
          </reporter-output>
        </test-method> <!-- Extractor -->
      </class> <!-- Test_Classes.Put_TC1 -->
      <class name="Test_Classes.Post_RetryMethod_Wrong">
        <test-method signature="Extractor()[pri:0, instance:Test_Classes.Post_RetryMethod_Wrong@cc43f62]" started-at="2023-06-26T12:04:20 IST" name="Extractor" finished-at="2023-06-26T12:04:23 IST" duration-ms="2438" status="PASS">
          <reporter-output>
          </reporter-output>
        </test-method> <!-- Extractor -->
      </class> <!-- Test_Classes.Post_RetryMethod_Wrong -->
    </test> <!-- Test -->
  </suite> <!-- Suite -->
</testng-results>
